HTTP Error 404: {"quoteSummary":{"result":null,"error":{"code":"Not Found","description":"Quote not found for symbol: 308308.SZ"}}}
$308308.SZ: possibly delisted; no price data found  (period=3mo) (Yahoo error = "No data found, symbol may be delisted")
======================================================================
杨永兴十步法 增强版 - 2026-02-25 09:44
======================================================================

【大盘趋势】
  创业板: +1.2%
  沪深300: +0.8%
  → 大盘状态: 短期上升

股票              价格     20日      量比    分数信号
----------------------------------------------------------------------
英维克         109.72  +10.4%    0.7x    5  强势 | 多头 | MA5上
紫金矿业         39.63   +3.9%    0.7x    3  涨幅3-5% | MA5上
铜陵有色          7.73  +24.5%    0.9x    3  强势 | 量稳 | MA5上
比亚迪          91.45   -2.8%    0.9x    2  量稳 | MA5上
宁德时代        362.18   +3.5%    0.6x    2  涨幅3-5%
贵州茅台       1491.66  +10.4%    0.5x    2  强势 | MA5上
兴业银锡         16.02   -6.8%    0.6x    1  MA5上
剑桥科技        105.98   -6.2%    0.8x    1  MA5上
新易盛         382.00   -3.2%    0.8x    1  MA5上
隆基绿能         18.57   +7.8%    0.5x    1  MA5上
五粮液         105.17   +2.1%    0.5x    0  -

======================================================================
【重点关注】分数>=3
======================================================================
  🏆 英维克: 强势 多头 MA5上
  🏆 紫金矿业: 涨幅3-5% MA5上
  🏆 铜陵有色: 强势 量稳 MA5上
